750
1
28
0 2
996 999
3
576
4
963
5
434 437
7
947 949
6 8
837 838
9
902 903
11
510 511
10 12
163 165
13
606
14
138 143
16
474 475
17
990 991
15 18
243 244
19
896
21
866 868
22
775
23
958 960
24
761
25
481 482
20 26
581 582
29
912 915
27 30
937 940
31 32
151 152
33
910 911
34
894 897
35
645
36 37
929 930
38
735 737
39
873 876
41
993 995
42
753 758
43
800 801
40 44
168 169
45
973 974
46 47
904 909
48
620 622
50
91 93
49 51
816 817
52 53
668 670
54 55
615 617
56
987
57 58
961 965
60
840 841
59 61
200 204
62
980 981
63
871 872
64 65
921
66 67
627
68 69
977 979
70
246 248
71 72
861 862
73
956 957
74
528 529
75
945 946
77
805 806
78
286
76 79
951
81
450
80 82
771
83
860
84 85
975
87
223 224
86 88
472
89
924
90
834 835
92
688
94 95
285 288
96 97
457
98
967 968
100
919 920
99 101
550
103
985 988
102 104
684 685
106
857 858
107
567
105 108
226 227
109
820
110
998
111
899
112
386 388
113
494 495
114 115
808 810
116 117
812
118 119
793 794
120
889
121
466 469
122
994
123 124
982 984
125
409 410
127
422 424
126 128
887
129 130
950
132
939
131 133
564 566
135
853 856
136
673 674
134 137
662 664
139
941 943
140
944
141
401 402
142
992
145
768
144 146
813 814
148
777
149
802
147 150
536
154
701 703
153 155
343 344
156 157
882 883
159
832 833
158 160
468
161 162
438 443
164
952 953
166
942
167
799
170
746
171 172
740 744
174
704
173 175
818 824
176
614
177
983
178
839
179
191 195
181
797 798
180 182
413 414
184
755
183 185
891 892
186
908
187
788 789
189
932 934
188 190
916 918
192
512 513
193
770 773
194
467
196
436
197
726 731
198 199
695 696
201
724
202
599 600
203
546
205
345 350
206 207
507
208
852
209
720 721
210
651 653
211
925
212
624 625
213
978
214 215
759 760
216
476 478
217
553 558
219
955
220
745
218 221
795 796
222
514
225
836
228
677
229
256 257
230
497
232
972
233
455 458
231 234
609 612
235
519
236 237
879 881
239
997
240
825 828
241
712
238 242
905
245
339 341
247
255
249 250
716 717
251
710 711
252 253
855
254
815
258
933
260
877
261
884 885
259 262
390 392
263 264
870
265
270 271
267
692
268
516
266 269
863
272
637 643
274
324 327
275
850
276
907
277
778
278
970
279
898 901
273 280
415 417
281
335 336
282
936
283
732
284
935
287
846 847
289 290
496 498
292
648
293
938
294
517 518
291 295
610
296
660 661
298
754
299
525 527
300
827
301
736
302
697 698
303
969
297 304
407 408
305
665 666
306 307
865
308
730
309
644
311
447 449
312
803
313
531
314
403 405
315
966
316
926
317
875
310 318
618 619
319
375 376
320
913
321 322
597
323
923
325
638
326
886
328
867
329
504
330 331
394 395
332
416
333
430
334
586 587
337 338
765 769
340
927 928
342
675 676
346
986
347
893
348
702
349
359 363
351
964
352
583 585
354
954
353 355
869
356
470 471
357
792
358
509
360
572 573
361
635 636
362
790
364
743
365 366
749 750
367
398 399
369
545 547
370
490 492
368 371
718
372 373
723
374
906
377
774 781
378
428 432
379
859
380
878
381
848
382 383
679
384 385
719
387
971
389
831
391
959
393
962
396
914
397
623
400
917
404
900
406
742
411
501 503
412
584
418 419
830
420
895
421
826
423
756
425
823
426 427
729
429
888
431
728
433
605
435
890
439
874
440
807
441
741
442
864
444 445
762 763
446
738
448
682
451
628 630
453
843
452 454
579 580
456
694
460
784
459 461
714 715
462
707
463
751 752
464 465
779
473
849
477
559
479
821
480
663
483
851
485
596
486
691
484 487
880
488
543 544
489
767
491
976
493
631 632
499
532
500
647
502
845
505
602
506
705 709
508
574
515
733
520
922
521 522
748
523 524
601 603
526
734
530
931
533
706
534 535
989
538
785
539
589 590
540
842
541
782 783
537 542
633 634
549
654
551
822
548 552
772
554
650
555
708
556
699 700
557
681 683
560
809
561
804
562 563
844
565
854
569
787
570
764
568 571
819
575
739
577 578
657 659
588
766
591
791
592
611
593
725
594
727
595 598
829
604
713
607 608
786
613
680
616
686 689
621
747
626
629
639
948
640
652
641
811
642
780
646
776
649
655
656
693
658
672
667
757
669
687
671
722
678
690
