750
1
28
0 2
62
3
428 432
4
314
5
434 437
7
947 949
6 8
993 995
9
382 383
11
800 801
10 12
156 157
13
285 288
14
138 143
16
452 454
17
387
15 18
96 97
19
335 336
21
866 868
22
775
23
620 622
24
187
25
481 482
20 26
581 582
29
243 244
27 30
401 402
31 32
49 51
33
635 636
34
275
35
273 280
36 37
254
38
339 341
39
873 876
41
912 915
42
753 758
43
633 634
40 44
91 93
45
168 169
46 47
797 798
48
779
50
191 195
52 53
466 469
54 55
615 617
56
795 796
57 58
675 676
60
651 653
59 61
200 204
63
505
64 65
740 744
66 67
256 257
68 69
296
70
246 248
71 72
125
73
956 957
74
528 529
75
945 946
77
805 806
78
880
76 79
145
81
450
80 82
771
83
657 659
84 85
975
87
223 224
86 88
472
89
300
90
834 835
92
153 155
94 95
871 872
98
364
100
196
99 101
525 527
103
286
102 104
337 338
106
510 511
107
173 175
105 108
226 227
109
820
110
126 128
111
129 130
112
147 150
113
494 495
114 115
840 841
116 117
816 817
118 119
707
120
889
121
372 373
122
508
123 124
543 544
127
720 721
132
614
131 133
359 363
135
853 856
136
673 674
134 137
982 984
139
550
140
887
141
500
142
857 858
144 146
677
148
512 513
149
802
151 152
179
154
483
159
270 271
158 160
468
161 162
977 979
164
735 737
163 165
937 940
166
942
167
878
170
266 269
171 172
596
174
704
176
849
177
298
178
902 903
181
546
180 182
837 838
184
755
183 185
211
186
950
189
724
188 190
716 717
192
299
193
994
194
467
197
654
198 199
470 471
201
572 573
202
562 563
203
793 794
205
345 350
206 207
238 242
208
645
209
706
210
539
212
637 643
213
484 487
214 215
759 760
216
343 344
217
929 930
219
955
220
745
218 221
509
222
514
225
714 715
228
490 492
229
813 814
230
606
232
867
233
455 458
231 234
609 612
235
519
236 237
987
239
899
240
386 388
241
409 410
245
530
247
255
249 250
447 449
251
567
252 253
932 934
258
688
260
390 392
261
884 885
259 262
660 661
263 264
438 443
265
297 304
267
457
268
435
272
301
274
324 327
276
610
277
662 664
278
821
279
990 991
281
439
282
348
283
459 461
284
861 862
287
846 847
289 290
894 897
292
648
293
628 630
294
517 518
291 295
561
302
559
303
832 833
305
665 666
306 307
701 703
308
951
309
644
311
624 625
312
803
313
531
315
332
316
736
317
361
310 318
875
319
375 376
320
913
321 322
597
323
963
325
464 465
326
886
328
568 571
329
684 685
330 331
477
333
808 810
334
586 587
340
927 928
342
499
346
751 752
347
893
349
906
351
809
352
761
354
905
353 355
413 414
356
992
357
532
358
365 366
360
473
362
440
367
973 974
369
545 547
370
618 619
368 371
726 731
374
377
378
695 696
379
493
380
941 943
381
848
384 385
765 769
389
507
391
924
393
564 566
394 395
421
396
668 670
397
623
398 399
697 698
400
407 408
404
723
403 405
860
406
451
411
501 503
412
584
416
888
415 417
749 750
418 419
933
420
958 960
423
756
422 424
874
425
879 881
426 427
916 918
429
788 789
430
504
431
712
433
605
436
969
441
962
442
910 911
444 445
496 498
446
502
448
682
453
702
456
526
460
784
462
583 585
463
548 552
474 475
864
476 478
818 824
479
686 689
480
896
485
921
486
690
488
811
489
985 988
491
815
497
536
506
705 709
515
710 711
516
553 558
520
799
521 522
718
523 524
601 603
533
728
534 535
787
538
719
540
739
541
551
537 542
859
549
922
554
785
555
574
556
923
557
807
560
576
565
732
569
671
570
743
575
970
577 578
604
579 580
631 632
588
997
589 590
890
591
964
592
679
593
621
594
830
595 598
774 781
599 600
972
602
825 828
607 608
746
611
777
613
727
616
642
626
629
627
895
638
708
639
919 920
640
770 773
641
650
646
790
647
652
649
730
655
699 700
656
678
658
967 968
663
870
667
904 909
669
865
672
831
680
778
681 683
882 883
687
692
691
764
693
863
694
722
713
786
725
907
729
812
733
836
734
925
738
936
741
996 999
742
989
747
983
748
935
754
839
757
844
762 763
954
766
998
767
877
768
939
772
961 965
776
938
780
976
782 783
948
791
952 953
792
931
804
900
819
980 981
822
843
823
914
826
959
827
971
829
891 892
842
986
845
851
850
966
852
917
854
869
855
908
898 901
944
926
978
