750
1
28
0 2
145
3
428 432
4
880
5
434 437
7
517 518
6 8
481 482
9
644
11
572 573
10 12
156 157
13
606
14
528 529
16
114 115
17
990 991
15 18
243 244
19
391
21
131 133
22
761
23
567
24
260
25
853 856
20 26
581 582
29
765 769
27 30
401 402
31 32
151 152
33
597
34
91 93
35
358
36 37
138 143
38
735 737
39
873 876
41
635 636
42
753 758
43
633 634
40 44
168 169
45
956 957
46 47
904 909
48
595 598
50
191 195
49 51
816 817
52 53
466 469
54 55
275
56
225
57 58
384 385
60
651 653
59 61
200 204
62
576
63
259 262
64 65
413 414
66 67
627
68 69
736
70
808 810
71 72
532
73
800 801
74
368 371
75
945 946
77
805 806
78
286
76 79
125
81
450
80 82
771
83
161 162
84 85
975
87
223 224
86 88
472
89
924
90
657 659
92
514
94 95
285 288
96 97
866 868
98
857 858
100
813 814
99 101
550
103
985 988
102 104
320
106
793 794
107
596
105 108
226 227
109
820
110
641
111
494 495
112
386 388
113
846 847
116 117
324 327
118 119
746
120
638
121
201
122
714 715
123 124
345 350
127
543 544
126 128
512 513
129 130
958 960
132
594
135
474 475
136
650
134 137
982 984
139
912 915
140
662 664
141
628 630
142
249 250
144 146
677
148
411
149
609 612
147 150
536
154
823
153 155
231 234
159
832 833
158 160
484 487
164
875
163 165
818 824
166
256 257
167
665 666
170
439
171 172
740 744
174
704
173 175
198 199
176
977 979
177
834 835
178
620 622
179
339 341
181
238 242
180 182
980 981
184
289 290
183 185
891 892
186
525 527
187
788 789
189
932 934
188 190
712
192
292
193
961 965
194
467
196
436
197
701 703
202
599 600
203
546
205
757
206 207
507
208
645
209
510 511
210
539
211
925
212
624 625
213
675 676
214 215
681 683
216
476 478
217
553 558
219
993 995
220
745
218 221
795 796
222
480
228
281
229
347
230
497
232
962
233
545 547
235
840 841
236 237
409 410
239
899
240
825 828
241
329
245
908
247
255
246 248
337 338
251
637 643
252 253
855
254
728
258
491
261
969
263 264
438 443
265
270 271
267
785
268
516
266 269
929 930
272
684 685
274
309
276
393
277
778
278
648
279
569
273 280
415 417
282
359 363
283
732
284
564 566
287
879 881
293
802
294
898 901
291 295
889
296
479
298
579 580
299
422 424
300
973 974
301
459 461
302
367
303
992
297 304
444 445
305
884 885
306 307
865
308
967 968
311
837 838
312
330 331
313
660 661
314
894 897
315
416
316
812
317
759 760
310 318
372 373
319
688
321 322
937 940
323
923
325
464 465
326
830
328
671
332
686 689
333
430
334
861 862
335 336
615 617
340
390 392
342
726 731
343 344
725
346
954
348
551
349
588
351
365 366
352
423
354
983
353 355
815
356
429
357
421
360
441
361
910 911
362
839
364
470 471
369
952 953
370
490 492
374
418 419
375 376
504
377
774 781
378
460
379
589 590
380
382 383
381
848
387
668 670
389
531
394 395
562 563
396
502
397
950
398 399
680
400
407 408
404
907
403 405
435
406
742
412
584
420
720 721
425
710 711
426 427
900
431
756
433
605
440
719
442
864
446
485
448
447 449
451
770 773
453
618 619
452 454
886
456
888
457
749 750
455 458
695 696
462
607 608
463
905
468
964
473
500
477
559
483
631 632
486
690
488
691
489
521 522
493
890
496 498
601 603
499
803
501 503
751 752
505
523 524
506
705 709
508
775
509
557
515
716 717
519
541
520
867
526
939
530
917
533
871 872
534 535
658
538
652
540
986
537 542
863
549
574
548 552
604
554
935
555
629
556
699 700
560
611
561
987
565
723
570
951
568 571
926
575
970
577 578
849
583 585
933
586 587
702
591
791
592
762 763
593
755
602
792
610
797 798
613
727
614
919 920
616
971
621
693
623
842
626
893
639
706
640
673 674
642
976
646
766
647
877
649
734
654
784
655
941 943
656
743
663
870
667
733
669
692
672
708
678
747
679
819
682
831
687
851
694
754
697 698
811
707
896
713
764
718
931
722
978
724
887
729
922
730
741
738
786
739
826
748
843
767
799
768
895
772
859
776
947 949
777
966
779
790
780
955
782 783
997
787
874
804
916 918
807
821
809
921
822
998
827
829
836
936
844
852
845
963
850
882 883
854
994
860
972
869
927 928
878
944
902 903
996 999
906
914
913
948
938
942
959
989
